<?xml version="1.0" encoding="UTF-8"?>
<!-- Generated by org.testng.reporters.JUnitXMLReporter -->
<testsuite ignored="1" hostname="admins-MBP" failures="0" tests="3" name="Default test" time="11.263" errors="0" timestamp="03 Jul 2018 16:12:51 GMT">
  <testcase classname="com.Olympics.OlympicsRunner" name="verifySortedByCountry" time="0.771"/>
  <testcase classname="com.Olympics.OlympicsRunner" name="verifyNotSortedByRank" time="0.153"/>
  <testcase classname="com.Olympics.OlympicsRunner" name="testMethodsByMedals" time="2.277"/>
  <testcase classname="com.Olympics.OlympicsRunner" name="verifySortedByRank" time="0.0">
    <ignored/>
  </testcase> <!-- verifySortedByRank -->
</testsuite> <!-- Default test -->
