<?xml version="1.0" encoding="UTF-8"?>
<testng-results ignored="1" total="4" passed="3" failed="0" skipped="0">
  <reporter-output>
  </reporter-output>
  <suite started-at="2018-07-03T16:12:39Z" name="Default suite" finished-at="2018-07-03T16:12:50Z" duration-ms="11263">
    <groups>
    </groups>
    <test started-at="2018-07-03T16:12:39Z" name="Default test" finished-at="2018-07-03T16:12:50Z" duration-ms="11263">
      <class name="com.Olympics.OlympicsRunner">
        <test-method is-config="true" signature="setingUp()[pri:0, instance:com.Olympics.OlympicsRunner@68267da0]" started-at="2018-07-03T16:12:39Z" name="setingUp" finished-at="2018-07-03T16:12:42Z" duration-ms="2633" status="PASS">
          <reporter-output>
          </reporter-output>
        </test-method> <!-- setingUp -->
        <test-method is-config="true" signature="navigatingToWebPage()[pri:0, instance:com.Olympics.OlympicsRunner@68267da0]" started-at="2018-07-03T16:12:42Z" name="navigatingToWebPage" finished-at="2018-07-03T16:12:47Z" duration-ms="5143" status="PASS">
          <reporter-output>
          </reporter-output>
        </test-method> <!-- navigatingToWebPage -->
        <test-method signature="verifySortedByCountry()[pri:2, instance:com.Olympics.OlympicsRunner@68267da0]" started-at="2018-07-03T16:12:47Z" name="verifySortedByCountry" finished-at="2018-07-03T16:12:48Z" duration-ms="771" status="PASS">
          <reporter-output>
          </reporter-output>
        </test-method> <!-- verifySortedByCountry -->
        <test-method is-config="true" signature="navigatingToWebPage()[pri:0, instance:com.Olympics.OlympicsRunner@68267da0]" started-at="2018-07-03T16:12:48Z" name="navigatingToWebPage" finished-at="2018-07-03T16:12:48Z" duration-ms="23" status="PASS">
          <reporter-output>
          </reporter-output>
        </test-method> <!-- navigatingToWebPage -->
        <test-method signature="verifyNotSortedByRank()[pri:3, instance:com.Olympics.OlympicsRunner@68267da0]" started-at="2018-07-03T16:12:48Z" name="verifyNotSortedByRank" finished-at="2018-07-03T16:12:48Z" duration-ms="153" status="PASS">
          <reporter-output>
          </reporter-output>
        </test-method> <!-- verifyNotSortedByRank -->
        <test-method is-config="true" signature="navigatingToWebPage()[pri:0, instance:com.Olympics.OlympicsRunner@68267da0]" started-at="2018-07-03T16:12:48Z" name="navigatingToWebPage" finished-at="2018-07-03T16:12:48Z" duration-ms="19" status="PASS">
          <reporter-output>
          </reporter-output>
        </test-method> <!-- navigatingToWebPage -->
        <test-method signature="testMethodsByMedals()[pri:4, instance:com.Olympics.OlympicsRunner@68267da0]" started-at="2018-07-03T16:12:48Z" name="testMethodsByMedals" finished-at="2018-07-03T16:12:50Z" duration-ms="2277" status="PASS">
          <reporter-output>
          </reporter-output>
        </test-method> <!-- testMethodsByMedals -->
        <test-method is-config="true" signature="closeBrowser()[pri:0, instance:com.Olympics.OlympicsRunner@68267da0]" started-at="2018-07-03T16:12:50Z" name="closeBrowser" finished-at="2018-07-03T16:12:50Z" duration-ms="213" status="PASS">
          <reporter-output>
          </reporter-output>
        </test-method> <!-- closeBrowser -->
      </class> <!-- com.Olympics.OlympicsRunner -->
    </test> <!-- Default test -->
  </suite> <!-- Default suite -->
</testng-results>
